0 info it worked if it ends with ok
1 verbose cli [ '/usr/local/bin/node',
1 verbose cli   '/usr/local/bin/npm',
1 verbose cli   'install',
1 verbose cli   '-g',
1 verbose cli   'node-inspector' ]
2 info using npm@1.3.6
3 info using node@v0.11.6-pre
4 verbose cache add [ 'node-inspector', null ]
5 verbose cache add name=undefined spec="node-inspector" args=["node-inspector",null]
6 verbose parsed url { protocol: null,
6 verbose parsed url   slashes: null,
6 verbose parsed url   auth: null,
6 verbose parsed url   host: null,
6 verbose parsed url   port: null,
6 verbose parsed url   hostname: null,
6 verbose parsed url   hash: null,
6 verbose parsed url   search: null,
6 verbose parsed url   query: null,
6 verbose parsed url   pathname: 'node-inspector',
6 verbose parsed url   path: 'node-inspector',
6 verbose parsed url   href: 'node-inspector' }
7 silly lockFile 4198ef9e-node-inspector node-inspector
8 verbose lock node-inspector /home/bistmaster/.npm/4198ef9e-node-inspector.lock
9 silly lockFile 4198ef9e-node-inspector node-inspector
10 silly lockFile 4198ef9e-node-inspector node-inspector
11 verbose addNamed [ 'node-inspector', '' ]
12 verbose addNamed [ null, '*' ]
13 silly lockFile e68b88da-node-inspector node-inspector@
14 verbose lock node-inspector@ /home/bistmaster/.npm/e68b88da-node-inspector.lock
15 silly addNameRange { name: 'node-inspector', range: '*', hasData: false }
16 verbose url raw node-inspector
17 verbose url resolving [ 'https://registry.npmjs.org/', './node-inspector' ]
18 verbose url resolved https://registry.npmjs.org/node-inspector
19 info trying registry request attempt 1 at 15:01:13
20 verbose etag "BOK248VJTFUYMAHDOIZWVB9ND"
21 http GET https://registry.npmjs.org/node-inspector
22 info retry will retry, error on last attempt: Error: getaddrinfo EAI_SYSTEM
23 info trying registry request attempt 2 at 15:01:26
24 verbose etag "BOK248VJTFUYMAHDOIZWVB9ND"
25 http GET https://registry.npmjs.org/node-inspector
26 http 200 https://registry.npmjs.org/node-inspector
27 silly registry.get cb [ 200,
27 silly registry.get   { vary: 'Accept',
27 silly registry.get     server: 'CouchDB/1.3.1 (Erlang OTP/R15B03)',
27 silly registry.get     etag: '"9DWLB8QQ432BNGZ4TPZB8UXAU"',
27 silly registry.get     date: 'Mon, 02 Sep 2013 07:01:39 GMT',
27 silly registry.get     'content-type': 'application/json',
27 silly registry.get     'content-length': '75268' } ]
28 silly addNameRange number 2 { name: 'node-inspector', range: '*', hasData: true }
29 silly addNameRange versions [ 'node-inspector',
29 silly addNameRange   [ '0.0.1',
29 silly addNameRange     '0.0.2',
29 silly addNameRange     '0.0.3',
29 silly addNameRange     '0.0.4',
29 silly addNameRange     '0.1.0',
29 silly addNameRange     '0.1.1',
29 silly addNameRange     '0.1.2',
29 silly addNameRange     '0.1.3',
29 silly addNameRange     '0.1.4',
29 silly addNameRange     '0.1.5',
29 silly addNameRange     '0.1.6',
29 silly addNameRange     '0.1.7',
29 silly addNameRange     '0.1.8',
29 silly addNameRange     '0.1.9',
29 silly addNameRange     '0.1.10',
29 silly addNameRange     '0.3.0',
29 silly addNameRange     '0.3.1',
29 silly addNameRange     '0.3.2',
29 silly addNameRange     '0.3.3',
29 silly addNameRange     '0.3.4',
29 silly addNameRange     '0.2.0-beta1',
29 silly addNameRange     '0.2.0-beta2',
29 silly addNameRange     '0.2.0-beta3',
29 silly addNameRange     '0.2.0-beta4',
29 silly addNameRange     '0.3.0-preview1' ] ]
30 verbose addNamed [ 'node-inspector', '0.3.4' ]
31 verbose addNamed [ '0.3.4', '0.3.4' ]
32 silly lockFile 2365dee9-node-inspector-0-3-4 node-inspector@0.3.4
33 verbose lock node-inspector@0.3.4 /home/bistmaster/.npm/2365dee9-node-inspector-0-3-4.lock
34 silly lockFile c42ecfea-spector-node-inspector-0-3-4-tgz https://registry.npmjs.org/node-inspector/-/node-inspector-0.3.4.tgz
35 verbose lock https://registry.npmjs.org/node-inspector/-/node-inspector-0.3.4.tgz /home/bistmaster/.npm/c42ecfea-spector-node-inspector-0-3-4-tgz.lock
36 verbose addRemoteTarball [ 'https://registry.npmjs.org/node-inspector/-/node-inspector-0.3.4.tgz',
36 verbose addRemoteTarball   '6aa1a1d39ed439905dc1ed8cb431373f49a3fe92' ]
37 info retry fetch attempt 1 at 15:01:41
38 verbose fetch to= /home/bistmaster/tmp/npm-12777-1iOQGdt7/1378105301669-0.18419166933745146/tmp.tgz
39 http GET https://registry.npmjs.org/node-inspector/-/node-inspector-0.3.4.tgz
40 http 200 https://registry.npmjs.org/node-inspector/-/node-inspector-0.3.4.tgz
41 verbose tar unpack /home/bistmaster/tmp/npm-12777-1iOQGdt7/1378105301669-0.18419166933745146/tmp.tgz
42 silly lockFile 77e301a4-1669-0-18419166933745146-package tar:///home/bistmaster/tmp/npm-12777-1iOQGdt7/1378105301669-0.18419166933745146/package
43 verbose lock tar:///home/bistmaster/tmp/npm-12777-1iOQGdt7/1378105301669-0.18419166933745146/package /home/bistmaster/.npm/77e301a4-1669-0-18419166933745146-package.lock
44 silly lockFile 2343b5b6-1669-0-18419166933745146-tmp-tgz tar:///home/bistmaster/tmp/npm-12777-1iOQGdt7/1378105301669-0.18419166933745146/tmp.tgz
45 verbose lock tar:///home/bistmaster/tmp/npm-12777-1iOQGdt7/1378105301669-0.18419166933745146/tmp.tgz /home/bistmaster/.npm/2343b5b6-1669-0-18419166933745146-tmp-tgz.lock
46 silly gunzTarPerm modes [ '755', '644' ]
47 silly gunzTarPerm extractEntry package.json
48 silly gunzTarPerm extractEntry LICENSE
49 silly gunzTarPerm extractEntry index.js
50 silly gunzTarPerm extractEntry config.json
51 silly gunzTarPerm extractEntry MAINTAINERS.md
52 silly gunzTarPerm extractEntry bin/inspector.js
53 silly gunzTarPerm extractEntry AUTHORS
54 silly gunzTarPerm extractEntry front-end/AdvancedSearchController.js
55 silly gunzTarPerm extractEntry front-end/NativeMemorySnapshotView.js
56 silly gunzTarPerm extractEntry front-end/NavigatorOverlayController.js
57 silly gunzTarPerm extractEntry front-end/NavigatorView.js
58 silly gunzTarPerm extractEntry front-end/NativeMemoryGraph.js
59 silly gunzTarPerm extractEntry front-end/NetworkLog.js
60 silly gunzTarPerm extractEntry front-end/NetworkManager.js
61 silly gunzTarPerm extractEntry front-end/NetworkPanel.js
62 silly gunzTarPerm extractEntry front-end/NetworkPanelDescriptor.js
63 silly gunzTarPerm extractEntry front-end/NetworkRequest.js
64 silly gunzTarPerm extractEntry front-end/NativeHeapSnapshot.js
65 silly gunzTarPerm extractEntry front-end/NetworkUISourceCodeProvider.js
66 silly gunzTarPerm extractEntry front-end/NativeBreakpointsSidebarPane.js
67 silly gunzTarPerm extractEntry front-end/jsdifflib.js
68 silly gunzTarPerm extractEntry front-end/MetricsSidebarPane.js
69 silly gunzTarPerm extractEntry front-end/Object.js
70 silly gunzTarPerm extractEntry front-end/MemoryStatistics.js
71 silly gunzTarPerm extractEntry front-end/ObjectPopoverHelper.js
72 silly gunzTarPerm extractEntry front-end/LiveEditSupport.js
73 silly gunzTarPerm extractEntry front-end/ObjectPropertiesSection.js
74 silly gunzTarPerm extractEntry front-end/Linkifier.js
75 silly gunzTarPerm extractEntry front-end/OverridesView.js
76 silly gunzTarPerm extractEntry front-end/KeyboardShortcut.js
77 silly gunzTarPerm extractEntry front-end/OverviewGrid.js
78 silly gunzTarPerm extractEntry front-end/JavaScriptSourceFrame.js
79 silly gunzTarPerm extractEntry front-end/Panel.js
80 silly gunzTarPerm extractEntry front-end/JavaScriptFormatter.js
81 silly gunzTarPerm extractEntry front-end/ParsedURL.js
82 silly gunzTarPerm extractEntry front-end/JSHeapSnapshot.js
83 silly gunzTarPerm extractEntry front-end/Placard.js
84 silly gunzTarPerm extractEntry front-end/IsolatedFileSystemManager.js
85 silly gunzTarPerm extractEntry front-end/Popover.js
86 silly gunzTarPerm extractEntry front-end/IsolatedFileSystem.js
87 silly gunzTarPerm extractEntry front-end/PresentationConsoleMessageHelper.js
88 silly gunzTarPerm extractEntry front-end/InspectorView.js
89 silly gunzTarPerm extractEntry front-end/ProfileDataGridTree.js
90 silly gunzTarPerm extractEntry front-end/InspectorFrontendHostStub.js
91 silly gunzTarPerm extractEntry front-end/ProfileLauncherView.js
92 silly gunzTarPerm extractEntry front-end/InspectorFrontendAPI.js
93 silly gunzTarPerm extractEntry front-end/ProfilesPanel.js
94 silly gunzTarPerm extractEntry front-end/InspectorBackendCommands.js
95 silly gunzTarPerm extractEntry front-end/ProfilesPanelDescriptor.js
96 silly gunzTarPerm extractEntry front-end/InspectorBackend.js
97 silly gunzTarPerm extractEntry front-end/ApplicationCacheItemsView.js
98 silly gunzTarPerm extractEntry front-end/InspectElementModeController.js
99 silly gunzTarPerm extractEntry front-end/ProgressIndicator.js
100 silly gunzTarPerm extractEntry front-end/IndexedDBViews.js
101 silly gunzTarPerm extractEntry front-end/PropertiesSection.js
102 silly gunzTarPerm extractEntry front-end/IndexedDBModel.js
103 silly gunzTarPerm extractEntry front-end/PropertiesSidebarPane.js
104 silly gunzTarPerm extractEntry front-end/treeoutline.js
105 silly gunzTarPerm extractEntry front-end/RawSourceCode.js
106 silly gunzTarPerm extractEntry front-end/ImageView.js
107 silly gunzTarPerm extractEntry front-end/RemoteObject.js
108 silly gunzTarPerm extractEntry front-end/HelpScreen.js
109 silly gunzTarPerm extractEntry front-end/RequestCookiesView.js
110 silly gunzTarPerm extractEntry front-end/HeapSnapshotWorkerDispatcher.js
111 silly gunzTarPerm extractEntry front-end/RequestHTMLView.js
112 silly gunzTarPerm extractEntry front-end/HeapSnapshotWorker.js
113 silly gunzTarPerm extractEntry front-end/RequestHeadersView.js
114 silly gunzTarPerm extractEntry front-end/HeapSnapshotView.js
115 silly gunzTarPerm extractEntry front-end/RequestJSONView.js
116 silly gunzTarPerm extractEntry front-end/HeapSnapshotProxy.js
117 silly gunzTarPerm extractEntry front-end/RequestPreviewView.js
118 silly gunzTarPerm extractEntry front-end/HeapSnapshotLoader.js
119 silly gunzTarPerm extractEntry front-end/RequestResponseView.js
120 silly gunzTarPerm extractEntry front-end/HeapSnapshotGridNodes.js
121 silly gunzTarPerm extractEntry front-end/RequestTimingView.js
122 silly gunzTarPerm extractEntry front-end/HeapSnapshotDataGrids.js
123 silly gunzTarPerm extractEntry front-end/RequestView.js
124 silly gunzTarPerm extractEntry front-end/HeapSnapshot.js
125 silly gunzTarPerm extractEntry front-end/Resource.js
126 silly gunzTarPerm extractEntry front-end/HandlerRegistry.js
127 silly gunzTarPerm extractEntry front-end/ResourceScriptMapping.js
128 silly gunzTarPerm extractEntry front-end/HAREntry.js
129 silly gunzTarPerm extractEntry front-end/ResourceTreeModel.js
130 silly gunzTarPerm extractEntry front-end/GoToLineDialog.js
131 silly gunzTarPerm extractEntry front-end/ResourceType.js
132 silly gunzTarPerm extractEntry front-end/FontView.js
133 silly gunzTarPerm extractEntry front-end/ResourceUtils.js
134 silly gunzTarPerm extractEntry front-end/FlameChart.js
135 silly gunzTarPerm extractEntry front-end/ResourceView.js
136 silly gunzTarPerm extractEntry front-end/FilteredItemSelectionDialog.js
137 silly gunzTarPerm extractEntry front-end/ResourceWebSocketFrameView.js
138 silly gunzTarPerm extractEntry front-end/FileUtils.js
139 silly gunzTarPerm extractEntry front-end/ResourcesPanel.js
140 silly gunzTarPerm extractEntry front-end/FileSystemView.js
141 silly gunzTarPerm extractEntry front-end/RevisionHistoryView.js
142 silly gunzTarPerm extractEntry front-end/FileSystemProjectDelegate.js
143 silly gunzTarPerm extractEntry front-end/RuntimeModel.js
144 silly gunzTarPerm extractEntry front-end/FileSystemModel.js
145 silly gunzTarPerm extractEntry front-end/SASSSourceMapping.js
146 silly gunzTarPerm extractEntry front-end/FileSystemMapping.js
147 silly gunzTarPerm extractEntry front-end/ScopeChainSidebarPane.js
148 silly gunzTarPerm extractEntry front-end/FileMapping.js
149 silly gunzTarPerm extractEntry front-end/Script.js
150 silly gunzTarPerm extractEntry front-end/FileManager.js
151 silly gunzTarPerm extractEntry front-end/ScriptFormatter.js
152 silly gunzTarPerm extractEntry front-end/FileContentView.js
153 silly gunzTarPerm extractEntry front-end/ScriptFormatterWorker.js
154 silly gunzTarPerm extractEntry front-end/ExtensionView.js
155 silly gunzTarPerm extractEntry front-end/ScriptSnippetModel.js
156 silly gunzTarPerm extractEntry front-end/ExtensionServer.js
157 silly gunzTarPerm extractEntry front-end/ScriptsNavigator.js
158 silly gunzTarPerm extractEntry front-end/ExtensionRegistryStub.js
159 silly gunzTarPerm extractEntry front-end/ScriptsPanel.js
160 silly gunzTarPerm extractEntry front-end/ExtensionPanel.js
161 silly gunzTarPerm extractEntry front-end/ScriptsPanelDescriptor.js
162 silly gunzTarPerm extractEntry front-end/ExtensionAuditCategory.js
163 silly gunzTarPerm extractEntry front-end/ScriptsSearchScope.js
164 silly gunzTarPerm extractEntry front-end/ExtensionAPI.js
165 silly gunzTarPerm extractEntry front-end/SearchController.js
166 silly gunzTarPerm extractEntry front-end/EventListenersSidebarPane.js
167 silly gunzTarPerm extractEntry front-end/Section.js
168 silly gunzTarPerm extractEntry front-end/EmptyView.js
169 silly gunzTarPerm extractEntry front-end/Settings.js
170 silly gunzTarPerm extractEntry front-end/ElementsTreeOutline.js
171 silly gunzTarPerm extractEntry front-end/SettingsScreen.js
172 silly gunzTarPerm extractEntry front-end/ElementsPanelDescriptor.js
173 silly gunzTarPerm extractEntry front-end/ShortcutsScreen.js
174 silly gunzTarPerm extractEntry front-end/ElementsPanel.js
175 silly gunzTarPerm extractEntry front-end/ShowMoreDataGridNode.js
176 silly gunzTarPerm extractEntry front-end/Drawer.js
177 silly gunzTarPerm extractEntry front-end/SidebarOverlay.js
178 silly gunzTarPerm extractEntry front-end/DockController.js
179 silly gunzTarPerm extractEntry front-end/SidebarPane.js
180 silly gunzTarPerm extractEntry front-end/DirectoryContentView.js
181 silly gunzTarPerm extractEntry front-end/SidebarTreeElement.js
182 silly gunzTarPerm extractEntry front-end/Dialog.js
183 silly gunzTarPerm extractEntry front-end/SidebarView.js
184 silly gunzTarPerm extractEntry front-end/DevToolsExtensionAPI.js
185 silly gunzTarPerm extractEntry front-end/SimpleWorkspaceProvider.js
186 silly gunzTarPerm extractEntry front-end/DefaultTextEditor.js
187 silly gunzTarPerm extractEntry front-end/SnippetStorage.js
188 silly gunzTarPerm extractEntry front-end/DefaultScriptMapping.js
189 silly gunzTarPerm extractEntry front-end/SoftContextMenu.js
190 silly gunzTarPerm extractEntry front-end/DebuggerScriptMapping.js
191 silly gunzTarPerm extractEntry front-end/SourceCSSTokenizer.js
192 silly gunzTarPerm extractEntry front-end/DebuggerModel.js
193 silly gunzTarPerm extractEntry front-end/inspector.js
194 silly gunzTarPerm extractEntry front-end/DatabaseTableView.js
195 silly gunzTarPerm extractEntry front-end/SourceFrame.js
196 silly gunzTarPerm extractEntry front-end/DatabaseQueryView.js
197 silly gunzTarPerm extractEntry front-end/SourceHTMLTokenizer.js
198 silly gunzTarPerm extractEntry front-end/Database.js
199 silly gunzTarPerm extractEntry front-end/externs.js
200 silly gunzTarPerm extractEntry front-end/DataGrid.js
201 silly gunzTarPerm extractEntry front-end/SourceJavaScriptTokenizer.js
202 silly gunzTarPerm extractEntry front-end/DOMSyntaxHighlighter.js
203 silly gunzTarPerm extractEntry front-end/buildSystemOnly.js
204 silly gunzTarPerm extractEntry front-end/DOMStorageItemsView.js
205 silly gunzTarPerm extractEntry front-end/SourceMap.js
206 silly gunzTarPerm extractEntry front-end/DOMStorage.js
207 silly gunzTarPerm extractEntry front-end/SourceMapping.js
208 silly gunzTarPerm extractEntry front-end/DOMPresentationUtils.js
209 silly gunzTarPerm extractEntry front-end/SourceTokenizer.js
210 silly gunzTarPerm extractEntry front-end/DOMExtension.js
211 silly gunzTarPerm extractEntry front-end/Spectrum.js
212 silly gunzTarPerm extractEntry front-end/DOMCountersGraph.js
213 silly gunzTarPerm extractEntry front-end/SplitView.js
214 silly gunzTarPerm extractEntry front-end/DOMBreakpointsSidebarPane.js
215 silly gunzTarPerm extractEntry front-end/StatusBarButton.js
216 silly gunzTarPerm extractEntry front-end/DOMAgent.js
217 silly gunzTarPerm extractEntry front-end/StyleSheetOutlineDialog.js
218 silly gunzTarPerm extractEntry front-end/CookiesTable.js
219 silly gunzTarPerm extractEntry front-end/StylesSidebarPane.js
220 silly gunzTarPerm extractEntry front-end/CookieParser.js
221 silly gunzTarPerm extractEntry front-end/StylesSourceMapping.js
222 silly gunzTarPerm extractEntry front-end/CookieItemsView.js
223 silly gunzTarPerm extractEntry front-end/SuggestBox.js
224 silly gunzTarPerm extractEntry front-end/ContextMenu.js
225 silly gunzTarPerm extractEntry front-end/TabbedEditorContainer.js
226 silly gunzTarPerm extractEntry front-end/ContentProviders.js
227 silly gunzTarPerm extractEntry front-end/TabbedPane.js
228 silly gunzTarPerm extractEntry front-end/ContentProviderBasedProjectDelegate.js
229 silly gunzTarPerm extractEntry front-end/TestController.js
230 silly gunzTarPerm extractEntry front-end/ContentProvider.js
231 silly gunzTarPerm extractEntry front-end/Tests.js
232 silly gunzTarPerm extractEntry front-end/ConsoleView.js
233 silly gunzTarPerm extractEntry front-end/TextEditor.js
234 silly gunzTarPerm extractEntry front-end/ConsolePanel.js
235 silly gunzTarPerm extractEntry front-end/TextEditorHighlighter.js
236 silly gunzTarPerm extractEntry front-end/ConsoleModel.js
237 silly gunzTarPerm extractEntry front-end/TextEditorModel.js
238 silly gunzTarPerm extractEntry front-end/ConsoleMessage.js
239 silly gunzTarPerm extractEntry front-end/TextPrompt.js
240 silly gunzTarPerm extractEntry front-end/CompilerScriptMapping.js
241 silly gunzTarPerm extractEntry front-end/TextUtils.js
242 silly gunzTarPerm extractEntry front-end/Color.js
243 silly gunzTarPerm extractEntry front-end/TimelineFrameController.js
244 silly gunzTarPerm extractEntry front-end/CodeMirrorTextEditor.js
245 silly gunzTarPerm extractEntry front-end/TimelineGrid.js
246 silly gunzTarPerm extractEntry front-end/Checkbox.js
247 silly gunzTarPerm extractEntry front-end/TimelineManager.js
248 silly gunzTarPerm extractEntry front-end/CanvasProfileView.js
249 silly gunzTarPerm extractEntry front-end/TimelineModel.js
250 silly gunzTarPerm extractEntry front-end/CallStackSidebarPane.js
251 silly gunzTarPerm extractEntry front-end/TimelineOverviewPane.js
252 silly gunzTarPerm extractEntry front-end/CSSStyleModel.js
253 silly gunzTarPerm extractEntry front-end/TimelinePanel.js
254 silly gunzTarPerm extractEntry front-end/CSSSelectorProfileView.js
255 silly gunzTarPerm extractEntry front-end/TimelinePanelDescriptor.js
256 silly gunzTarPerm extractEntry front-end/CSSNamedFlowView.js
257 silly gunzTarPerm extractEntry front-end/TimelinePresentationModel.js
258 silly gunzTarPerm extractEntry front-end/CSSNamedFlowCollectionsView.js
259 silly gunzTarPerm extractEntry front-end/Toolbar.js
260 silly gunzTarPerm extractEntry front-end/CSSMetadata.js
261 silly gunzTarPerm extractEntry front-end/TopDownProfileDataGridTree.js
262 silly gunzTarPerm extractEntry front-end/CPUProfileView.js
263 silly gunzTarPerm extractEntry front-end/UISourceCode.js
264 silly gunzTarPerm extractEntry front-end/BreakpointsSidebarPane.js
265 silly gunzTarPerm extractEntry front-end/UISourceCodeFrame.js
266 silly gunzTarPerm extractEntry front-end/BreakpointManager.js
267 silly gunzTarPerm extractEntry front-end/UIString.js
268 silly gunzTarPerm extractEntry front-end/BottomUpProfileDataGridTree.js
269 silly gunzTarPerm extractEntry front-end/UIUtils.js
270 silly gunzTarPerm extractEntry front-end/AuditsPanel.js
271 silly gunzTarPerm extractEntry front-end/Workspace.js
272 silly gunzTarPerm extractEntry front-end/AuditRules.js
273 silly gunzTarPerm extractEntry front-end/UserAgentSupport.js
274 silly gunzTarPerm extractEntry front-end/AuditResultView.js
275 silly gunzTarPerm extractEntry front-end/UserMetrics.js
276 silly gunzTarPerm extractEntry front-end/AuditLauncherView.js
277 silly gunzTarPerm extractEntry front-end/View.js
278 silly gunzTarPerm extractEntry front-end/AuditFormatters.js
279 silly gunzTarPerm extractEntry front-end/ViewportControl.js
280 silly gunzTarPerm extractEntry front-end/AuditController.js
281 silly gunzTarPerm extractEntry front-end/WatchExpressionsSidebarPane.js
282 silly gunzTarPerm extractEntry front-end/AuditCategories.js
283 silly gunzTarPerm extractEntry front-end/WorkerManager.js
284 silly gunzTarPerm extractEntry front-end/ApplicationCacheModel.js
285 silly gunzTarPerm extractEntry front-end/WorkersSidebarPane.js
286 silly gunzTarPerm extractEntry front-end/NetworkItemView.js
287 silly gunzTarPerm extractEntry front-end/utilities.js
288 silly gunzTarPerm extractEntry front-end/Progress.js
289 silly gunzTarPerm extractEntry front-end/UglifyJS/parse-js.js
290 silly gunzTarPerm extractEntry front-end/breadcrumbList.css
291 silly gunzTarPerm extractEntry front-end/breakpointsList.css
292 silly gunzTarPerm extractEntry front-end/SourceJavaScriptTokenizer.re2js
293 silly gunzTarPerm extractEntry front-end/canvasProfiler.css
294 silly gunzTarPerm extractEntry front-end/cm/LICENSE
295 silly gunzTarPerm extractEntry front-end/cm/matchbrackets.js
296 silly gunzTarPerm extractEntry front-end/cm/markselection.js
297 silly gunzTarPerm extractEntry front-end/cm/codemirror.js
298 silly gunzTarPerm extractEntry front-end/cm/closebrackets.js
299 silly gunzTarPerm extractEntry front-end/cm/htmlmixed.js
300 silly gunzTarPerm extractEntry front-end/cm/javascript.js
301 silly gunzTarPerm extractEntry front-end/cm/xml.js
302 silly gunzTarPerm extractEntry front-end/cm/css.js
303 silly gunzTarPerm extractEntry front-end/cm/codemirror.css
304 silly gunzTarPerm extractEntry front-end/cm/cmdevtools.css
305 silly gunzTarPerm extractEntry front-end/cssNamedFlows.css
306 silly gunzTarPerm extractEntry front-end/dataGrid.css
307 silly gunzTarPerm extractEntry front-end/dialog.css
308 silly gunzTarPerm extractEntry front-end/elementsPanel.css
309 silly gunzTarPerm extractEntry front-end/SourceHTMLTokenizer.re2js
310 silly gunzTarPerm extractEntry front-end/filteredItemSelectionDialog.css
311 silly gunzTarPerm extractEntry front-end/flameChart.css
312 silly gunzTarPerm extractEntry front-end/heapProfiler.css
313 silly gunzTarPerm extractEntry front-end/helpScreen.css
314 silly gunzTarPerm extractEntry front-end/indexedDBViews.css
315 silly gunzTarPerm extractEntry front-end/inspector.css
316 silly gunzTarPerm extractEntry front-end/inspector.html
317 silly gunzTarPerm extractEntry front-end/SourceCSSTokenizer.re2js
318 silly gunzTarPerm extractEntry front-end/inspectorCommon.css
319 silly gunzTarPerm extractEntry front-end/inspectorSyntaxHighlight.css
320 silly gunzTarPerm extractEntry front-end/auditsPanel.css
321 silly gunzTarPerm extractEntry front-end/nativeMemoryProfiler.css
322 silly gunzTarPerm extractEntry front-end/navigatorView.css
323 silly gunzTarPerm extractEntry front-end/networkLogView.css
324 silly gunzTarPerm extractEntry front-end/networkPanel.css
325 silly gunzTarPerm extractEntry front-end/panelEnablerView.css
326 silly gunzTarPerm extractEntry front-end/popover.css
327 silly gunzTarPerm extractEntry front-end/profilesPanel.css
328 silly gunzTarPerm extractEntry front-end/resourceView.css
329 silly gunzTarPerm extractEntry front-end/resourcesPanel.css
330 silly gunzTarPerm extractEntry front-end/revisionHistory.css
331 silly gunzTarPerm extractEntry front-end/scriptsPanel.css
332 silly gunzTarPerm extractEntry front-end/sidebarPane.css
333 silly gunzTarPerm extractEntry front-end/spectrum.css
334 silly gunzTarPerm extractEntry front-end/splitView.css
335 silly gunzTarPerm extractEntry front-end/tabbedPane.css
336 silly gunzTarPerm extractEntry front-end/test-runner.html
337 silly gunzTarPerm extractEntry front-end/textEditor.css
338 silly gunzTarPerm extractEntry front-end/textPrompt.css
339 silly gunzTarPerm extractEntry front-end/timelinePanel.css
340 silly gunzTarPerm extractEntry front-end/Images/resourcePlainIcon.png
341 silly gunzTarPerm extractEntry front-end/Images/addIcon.png
342 silly gunzTarPerm extractEntry front-end/Images/back.png
343 silly gunzTarPerm extractEntry front-end/Images/breakpoint2.png
344 silly gunzTarPerm extractEntry front-end/Images/breakpoint2_2x.png
345 silly gunzTarPerm extractEntry front-end/Images/breakpointBorder.png
346 silly gunzTarPerm extractEntry front-end/Images/breakpointConditional2.png
347 silly gunzTarPerm extractEntry front-end/Images/breakpointConditional2_2x.png
348 silly gunzTarPerm extractEntry front-end/Images/breakpointConditionalBorder.png
349 silly gunzTarPerm extractEntry front-end/Images/breakpointConditionalCounterBorder.png
350 silly gunzTarPerm extractEntry front-end/Images/breakpointCounterBorder.png
351 silly gunzTarPerm extractEntry front-end/Images/checker.png
352 silly gunzTarPerm extractEntry front-end/Images/cookie.png
353 silly gunzTarPerm extractEntry front-end/Images/database.png
354 silly gunzTarPerm extractEntry front-end/Images/databaseTable.png
355 silly gunzTarPerm extractEntry front-end/Images/deleteIcon.png
356 silly gunzTarPerm extractEntry front-end/Images/domain.png
357 silly gunzTarPerm extractEntry front-end/Images/fileSystem.png
358 silly gunzTarPerm extractEntry front-end/Images/forward.png
359 silly gunzTarPerm extractEntry front-end/Images/frame.png
360 silly gunzTarPerm extractEntry front-end/Images/glossyHeader.png
361 silly gunzTarPerm extractEntry front-end/Images/glossyHeaderPressed.png
362 silly gunzTarPerm extractEntry front-end/Images/glossyHeaderSelected.png
363 silly gunzTarPerm extractEntry front-end/Images/glossyHeaderSelectedPressed.png
364 silly gunzTarPerm extractEntry front-end/Images/graphLabelCalloutLeft.png
365 silly gunzTarPerm extractEntry front-end/Images/graphLabelCalloutRight.png
366 silly gunzTarPerm extractEntry front-end/Images/indexedDB.png
367 silly gunzTarPerm extractEntry front-end/Images/indexedDBIndex.png
368 silly gunzTarPerm extractEntry front-end/Images/indexedDBObjectStore.png
369 silly gunzTarPerm extractEntry front-end/Images/localStorage.png
370 silly gunzTarPerm extractEntry front-end/Images/namedFlowOverflow.png
371 silly gunzTarPerm extractEntry front-end/Images/paneAddButtons.png
372 silly gunzTarPerm extractEntry front-end/Images/paneElementStateButtons.png
373 silly gunzTarPerm extractEntry front-end/Images/paneFilterButtons.png
374 silly gunzTarPerm extractEntry front-end/Images/paneRefreshButtons.png
375 silly gunzTarPerm extractEntry front-end/Images/paneSettingsButtons.png
376 silly gunzTarPerm extractEntry front-end/Images/popoverArrows.png
377 silly gunzTarPerm extractEntry front-end/Images/popoverBackground.png
378 silly gunzTarPerm extractEntry front-end/Images/profileGroupIcon.png
379 silly gunzTarPerm extractEntry front-end/Images/profileIcon.png
380 silly gunzTarPerm extractEntry front-end/Images/profileSmallIcon.png
381 silly gunzTarPerm extractEntry front-end/Images/programCounterBorder.png
382 silly gunzTarPerm extractEntry front-end/Images/radioDot.png
383 silly gunzTarPerm extractEntry front-end/Images/regionEmpty.png
384 silly gunzTarPerm extractEntry front-end/Images/regionFit.png
385 silly gunzTarPerm extractEntry front-end/Images/regionOverset.png
386 silly gunzTarPerm extractEntry front-end/Images/resourceCSSIcon.png
387 silly gunzTarPerm extractEntry front-end/Images/resourceDocumentIcon.png
388 silly gunzTarPerm extractEntry front-end/Images/resourceDocumentIconSmall.png
389 silly gunzTarPerm extractEntry front-end/Images/resourceJSIcon.png
390 silly gunzTarPerm extractEntry front-end/Images/applicationCache.png
391 silly gunzTarPerm extractEntry front-end/Images/resourcePlainIconSmall.png
392 silly gunzTarPerm extractEntry front-end/Images/resourcesTimeGraphIcon.png
393 silly gunzTarPerm extractEntry front-end/Images/searchNext.png
394 silly gunzTarPerm extractEntry front-end/Images/searchPrev.png
395 silly gunzTarPerm extractEntry front-end/Images/searchSmallBlue.png
396 silly gunzTarPerm extractEntry front-end/Images/searchSmallBrightBlue.png
397 silly gunzTarPerm extractEntry front-end/Images/searchSmallGray.png
398 silly gunzTarPerm extractEntry front-end/Images/searchSmallWhite.png
399 silly gunzTarPerm extractEntry front-end/Images/segment.png
400 silly gunzTarPerm extractEntry front-end/Images/segmentEnd.png
401 silly gunzTarPerm extractEntry front-end/Images/segmentHover.png
402 silly gunzTarPerm extractEntry front-end/Images/segmentHoverEnd.png
403 silly gunzTarPerm extractEntry front-end/Images/segmentSelected.png
404 silly gunzTarPerm extractEntry front-end/Images/segmentSelectedEnd.png
405 silly gunzTarPerm extractEntry front-end/Images/sessionStorage.png
406 silly gunzTarPerm extractEntry front-end/Images/spinner.gif
407 silly gunzTarPerm extractEntry front-end/Images/spinnerActive.gif
408 silly gunzTarPerm extractEntry front-end/Images/spinnerActiveSelected.gif
409 silly gunzTarPerm extractEntry front-end/Images/spinnerInactive.gif
410 silly gunzTarPerm extractEntry front-end/Images/spinnerInactiveSelected.gif
411 silly gunzTarPerm extractEntry front-end/Images/src/breakpoints2.svg
412 silly gunzTarPerm extractEntry front-end/Images/src/statusbarButtonGlyphs.svg
413 silly gunzTarPerm extractEntry front-end/Images/statusbarButtonGlyphs.png
414 silly gunzTarPerm extractEntry front-end/Images/statusbarButtonGlyphs2x.png
415 silly gunzTarPerm extractEntry front-end/Images/statusbarResizerHorizontal.png
416 silly gunzTarPerm extractEntry front-end/Images/statusbarResizerVertical.png
417 silly gunzTarPerm extractEntry front-end/Images/thumbActiveHoriz.png
418 silly gunzTarPerm extractEntry front-end/Images/thumbActiveVert.png
419 silly gunzTarPerm extractEntry front-end/Images/thumbHoriz.png
420 silly gunzTarPerm extractEntry front-end/Images/thumbHoverHoriz.png
421 silly gunzTarPerm extractEntry front-end/Images/thumbHoverVert.png
422 silly gunzTarPerm extractEntry front-end/Images/thumbVert.png
423 silly gunzTarPerm extractEntry front-end/Images/timelineHollowPillBlue.png
424 silly gunzTarPerm extractEntry front-end/Images/timelineHollowPillGray.png
425 silly gunzTarPerm extractEntry front-end/Images/timelineHollowPillGreen.png
426 silly gunzTarPerm extractEntry front-end/Images/timelineHollowPillOrange.png
427 silly gunzTarPerm extractEntry front-end/Images/timelineHollowPillPurple.png
428 silly gunzTarPerm extractEntry front-end/Images/timelineHollowPillRed.png
429 silly gunzTarPerm extractEntry front-end/Images/timelineHollowPillYellow.png
430 silly gunzTarPerm extractEntry front-end/Images/timelinePillBlue.png
431 silly gunzTarPerm extractEntry front-end/Images/timelinePillGray.png
432 silly gunzTarPerm extractEntry front-end/Images/timelinePillGreen.png
433 silly gunzTarPerm extractEntry front-end/Images/timelinePillOrange.png
434 silly gunzTarPerm extractEntry front-end/Images/timelinePillPurple.png
435 silly gunzTarPerm extractEntry front-end/Images/timelinePillRed.png
436 silly gunzTarPerm extractEntry front-end/Images/timelinePillYellow.png
437 silly gunzTarPerm extractEntry front-end/Images/toolbarIcons.png
438 silly gunzTarPerm extractEntry front-end/Images/toolbarIconsSmall.png
439 silly gunzTarPerm extractEntry front-end/Images/toolbarItemSelected.png
440 silly gunzTarPerm extractEntry front-end/Images/trackHoriz.png
441 silly gunzTarPerm extractEntry front-end/Images/trackVert.png
442 silly gunzTarPerm extractEntry front-end/OWNERS
443 silly gunzTarPerm extractEntry front-end-node/Overrides.js
444 silly gunzTarPerm extractEntry ChangeLog
445 silly gunzTarPerm extractEntry lib/BreakEventHandler.js
446 silly gunzTarPerm extractEntry lib/FrontendClient.js
447 silly gunzTarPerm extractEntry lib/FrontendCommandHandler.js
448 silly gunzTarPerm extractEntry lib/PageAgent.js
449 silly gunzTarPerm extractEntry lib/DebuggerClient.js
450 silly gunzTarPerm extractEntry lib/ScriptFileStorage.js
451 silly gunzTarPerm extractEntry lib/ScriptManager.js
452 silly gunzTarPerm extractEntry lib/callback.js
453 silly gunzTarPerm extractEntry lib/convert.js
454 silly gunzTarPerm extractEntry lib/debug-server.js
455 silly gunzTarPerm extractEntry lib/DebuggerAgent.js
456 silly gunzTarPerm extractEntry lib/debugger.js
457 silly gunzTarPerm extractEntry lib/CallFramesProvider.js
458 silly gunzTarPerm extractEntry lib/session.js
459 silly gunzTarPerm extractEntry lib/RuntimeAgent.js
460 silly gunzTarPerm extractEntry .travis.yml
461 silly gunzTarPerm extractEntry readme.md
462 silly lockFile 77e301a4-1669-0-18419166933745146-package tar:///home/bistmaster/tmp/npm-12777-1iOQGdt7/1378105301669-0.18419166933745146/package
463 silly lockFile 77e301a4-1669-0-18419166933745146-package tar:///home/bistmaster/tmp/npm-12777-1iOQGdt7/1378105301669-0.18419166933745146/package
464 silly lockFile 2343b5b6-1669-0-18419166933745146-tmp-tgz tar:///home/bistmaster/tmp/npm-12777-1iOQGdt7/1378105301669-0.18419166933745146/tmp.tgz
465 silly lockFile 2343b5b6-1669-0-18419166933745146-tmp-tgz tar:///home/bistmaster/tmp/npm-12777-1iOQGdt7/1378105301669-0.18419166933745146/tmp.tgz
466 verbose tar pack [ '/home/bistmaster/.npm/node-inspector/0.3.4/package.tgz',
466 verbose tar pack   '/home/bistmaster/tmp/npm-12777-1iOQGdt7/1378105301669-0.18419166933745146/package' ]
467 verbose tarball /home/bistmaster/.npm/node-inspector/0.3.4/package.tgz
468 verbose folder /home/bistmaster/tmp/npm-12777-1iOQGdt7/1378105301669-0.18419166933745146/package
469 silly lockFile 77e301a4-1669-0-18419166933745146-package tar:///home/bistmaster/tmp/npm-12777-1iOQGdt7/1378105301669-0.18419166933745146/package
470 verbose lock tar:///home/bistmaster/tmp/npm-12777-1iOQGdt7/1378105301669-0.18419166933745146/package /home/bistmaster/.npm/77e301a4-1669-0-18419166933745146-package.lock
471 silly lockFile 032a188d-node-inspector-0-3-4-package-tgz tar:///home/bistmaster/.npm/node-inspector/0.3.4/package.tgz
472 verbose lock tar:///home/bistmaster/.npm/node-inspector/0.3.4/package.tgz /home/bistmaster/.npm/032a188d-node-inspector-0-3-4-package-tgz.lock
473 silly lockFile 77e301a4-1669-0-18419166933745146-package tar:///home/bistmaster/tmp/npm-12777-1iOQGdt7/1378105301669-0.18419166933745146/package
474 silly lockFile 77e301a4-1669-0-18419166933745146-package tar:///home/bistmaster/tmp/npm-12777-1iOQGdt7/1378105301669-0.18419166933745146/package
475 silly lockFile 032a188d-node-inspector-0-3-4-package-tgz tar:///home/bistmaster/.npm/node-inspector/0.3.4/package.tgz
476 silly lockFile 032a188d-node-inspector-0-3-4-package-tgz tar:///home/bistmaster/.npm/node-inspector/0.3.4/package.tgz
477 silly lockFile 0340ca04-npm-node-inspector-0-3-4-package /home/bistmaster/.npm/node-inspector/0.3.4/package
478 verbose lock /home/bistmaster/.npm/node-inspector/0.3.4/package /home/bistmaster/.npm/0340ca04-npm-node-inspector-0-3-4-package.lock
479 silly lockFile 0340ca04-npm-node-inspector-0-3-4-package /home/bistmaster/.npm/node-inspector/0.3.4/package
480 silly lockFile 0340ca04-npm-node-inspector-0-3-4-package /home/bistmaster/.npm/node-inspector/0.3.4/package
481 verbose tar unpack /home/bistmaster/.npm/node-inspector/0.3.4/package.tgz
482 silly lockFile f0b2bb29-npm-node-inspector-0-3-4-package tar:///home/bistmaster/.npm/node-inspector/0.3.4/package
483 verbose lock tar:///home/bistmaster/.npm/node-inspector/0.3.4/package /home/bistmaster/.npm/f0b2bb29-npm-node-inspector-0-3-4-package.lock
484 silly lockFile 032a188d-node-inspector-0-3-4-package-tgz tar:///home/bistmaster/.npm/node-inspector/0.3.4/package.tgz
485 verbose lock tar:///home/bistmaster/.npm/node-inspector/0.3.4/package.tgz /home/bistmaster/.npm/032a188d-node-inspector-0-3-4-package-tgz.lock
486 silly gunzTarPerm modes [ '755', '644' ]
487 silly gunzTarPerm extractEntry package.json
488 silly gunzTarPerm extractEntry LICENSE
489 silly gunzTarPerm extractEntry index.js
490 silly gunzTarPerm extractEntry config.json
491 silly gunzTarPerm extractEntry MAINTAINERS.md
492 silly gunzTarPerm extractEntry bin/inspector.js
493 silly gunzTarPerm extractEntry AUTHORS
494 silly gunzTarPerm extractEntry front-end/AdvancedSearchController.js
495 silly gunzTarPerm extractEntry front-end/NativeMemorySnapshotView.js
496 silly gunzTarPerm extractEntry front-end/NavigatorOverlayController.js
497 silly gunzTarPerm extractEntry front-end/NavigatorView.js
498 silly gunzTarPerm extractEntry front-end/NativeMemoryGraph.js
499 silly gunzTarPerm extractEntry front-end/NetworkLog.js
500 silly gunzTarPerm extractEntry front-end/NetworkManager.js
501 silly gunzTarPerm extractEntry front-end/NetworkPanel.js
502 silly gunzTarPerm extractEntry front-end/NetworkPanelDescriptor.js
503 silly gunzTarPerm extractEntry front-end/NetworkRequest.js
504 silly gunzTarPerm extractEntry front-end/NativeHeapSnapshot.js
505 silly gunzTarPerm extractEntry front-end/NetworkUISourceCodeProvider.js
506 silly gunzTarPerm extractEntry front-end/NativeBreakpointsSidebarPane.js
507 silly gunzTarPerm extractEntry front-end/jsdifflib.js
508 silly gunzTarPerm extractEntry front-end/MetricsSidebarPane.js
509 silly gunzTarPerm extractEntry front-end/Object.js
510 silly gunzTarPerm extractEntry front-end/MemoryStatistics.js
511 silly gunzTarPerm extractEntry front-end/ObjectPopoverHelper.js
512 silly gunzTarPerm extractEntry front-end/LiveEditSupport.js
513 silly gunzTarPerm extractEntry front-end/ObjectPropertiesSection.js
514 silly gunzTarPerm extractEntry front-end/Linkifier.js
515 silly gunzTarPerm extractEntry front-end/OverridesView.js
516 silly gunzTarPerm extractEntry front-end/KeyboardShortcut.js
517 silly gunzTarPerm extractEntry front-end/OverviewGrid.js
518 silly gunzTarPerm extractEntry front-end/JavaScriptSourceFrame.js
519 silly gunzTarPerm extractEntry front-end/Panel.js
520 silly gunzTarPerm extractEntry front-end/JavaScriptFormatter.js
521 silly gunzTarPerm extractEntry front-end/ParsedURL.js
522 silly gunzTarPerm extractEntry front-end/JSHeapSnapshot.js
523 silly gunzTarPerm extractEntry front-end/Placard.js
524 silly gunzTarPerm extractEntry front-end/IsolatedFileSystemManager.js
525 silly gunzTarPerm extractEntry front-end/Popover.js
526 silly gunzTarPerm extractEntry front-end/IsolatedFileSystem.js
527 silly gunzTarPerm extractEntry front-end/PresentationConsoleMessageHelper.js
528 silly gunzTarPerm extractEntry front-end/InspectorView.js
529 silly gunzTarPerm extractEntry front-end/ProfileDataGridTree.js
530 silly gunzTarPerm extractEntry front-end/InspectorFrontendHostStub.js
531 silly gunzTarPerm extractEntry front-end/ProfileLauncherView.js
532 silly gunzTarPerm extractEntry front-end/InspectorFrontendAPI.js
533 silly gunzTarPerm extractEntry front-end/ProfilesPanel.js
534 silly gunzTarPerm extractEntry front-end/InspectorBackendCommands.js
535 silly gunzTarPerm extractEntry front-end/ProfilesPanelDescriptor.js
536 silly gunzTarPerm extractEntry front-end/InspectorBackend.js
537 silly gunzTarPerm extractEntry front-end/ApplicationCacheItemsView.js
538 silly gunzTarPerm extractEntry front-end/InspectElementModeController.js
539 silly gunzTarPerm extractEntry front-end/ProgressIndicator.js
540 silly gunzTarPerm extractEntry front-end/IndexedDBViews.js
541 silly gunzTarPerm extractEntry front-end/PropertiesSection.js
542 silly gunzTarPerm extractEntry front-end/IndexedDBModel.js
543 silly gunzTarPerm extractEntry front-end/PropertiesSidebarPane.js
544 silly gunzTarPerm extractEntry front-end/treeoutline.js
545 silly gunzTarPerm extractEntry front-end/RawSourceCode.js
546 silly gunzTarPerm extractEntry front-end/ImageView.js
547 silly gunzTarPerm extractEntry front-end/RemoteObject.js
548 silly gunzTarPerm extractEntry front-end/HelpScreen.js
549 silly gunzTarPerm extractEntry front-end/RequestCookiesView.js
550 silly gunzTarPerm extractEntry front-end/HeapSnapshotWorkerDispatcher.js
551 silly gunzTarPerm extractEntry front-end/RequestHTMLView.js
552 silly gunzTarPerm extractEntry front-end/HeapSnapshotWorker.js
553 silly gunzTarPerm extractEntry front-end/RequestHeadersView.js
554 silly gunzTarPerm extractEntry front-end/HeapSnapshotView.js
555 silly gunzTarPerm extractEntry front-end/RequestJSONView.js
556 silly gunzTarPerm extractEntry front-end/HeapSnapshotProxy.js
557 silly gunzTarPerm extractEntry front-end/RequestPreviewView.js
558 silly gunzTarPerm extractEntry front-end/HeapSnapshotLoader.js
559 silly gunzTarPerm extractEntry front-end/RequestResponseView.js
560 silly gunzTarPerm extractEntry front-end/HeapSnapshotGridNodes.js
561 silly gunzTarPerm extractEntry front-end/RequestTimingView.js
562 silly gunzTarPerm extractEntry front-end/HeapSnapshotDataGrids.js
563 silly gunzTarPerm extractEntry front-end/RequestView.js
564 silly gunzTarPerm extractEntry front-end/HeapSnapshot.js
565 silly gunzTarPerm extractEntry front-end/Resource.js
566 silly gunzTarPerm extractEntry front-end/HandlerRegistry.js
567 silly gunzTarPerm extractEntry front-end/ResourceScriptMapping.js
568 silly gunzTarPerm extractEntry front-end/HAREntry.js
569 silly gunzTarPerm extractEntry front-end/ResourceTreeModel.js
570 silly gunzTarPerm extractEntry front-end/GoToLineDialog.js
571 silly gunzTarPerm extractEntry front-end/ResourceType.js
572 silly gunzTarPerm extractEntry front-end/FontView.js
573 silly gunzTarPerm extractEntry front-end/ResourceUtils.js
574 silly gunzTarPerm extractEntry front-end/FlameChart.js
575 silly gunzTarPerm extractEntry front-end/ResourceView.js
576 silly gunzTarPerm extractEntry front-end/FilteredItemSelectionDialog.js
577 silly gunzTarPerm extractEntry front-end/ResourceWebSocketFrameView.js
578 silly gunzTarPerm extractEntry front-end/FileUtils.js
579 silly gunzTarPerm extractEntry front-end/ResourcesPanel.js
580 silly gunzTarPerm extractEntry front-end/FileSystemView.js
581 silly gunzTarPerm extractEntry front-end/RevisionHistoryView.js
582 silly gunzTarPerm extractEntry front-end/FileSystemProjectDelegate.js
583 silly gunzTarPerm extractEntry front-end/RuntimeModel.js
584 silly gunzTarPerm extractEntry front-end/FileSystemModel.js
585 silly gunzTarPerm extractEntry front-end/SASSSourceMapping.js
586 silly gunzTarPerm extractEntry front-end/FileSystemMapping.js
587 silly gunzTarPerm extractEntry front-end/ScopeChainSidebarPane.js
588 silly gunzTarPerm extractEntry front-end/FileMapping.js
589 silly gunzTarPerm extractEntry front-end/Script.js
590 silly gunzTarPerm extractEntry front-end/FileManager.js
591 silly gunzTarPerm extractEntry front-end/ScriptFormatter.js
592 silly gunzTarPerm extractEntry front-end/FileContentView.js
593 silly gunzTarPerm extractEntry front-end/ScriptFormatterWorker.js
594 silly gunzTarPerm extractEntry front-end/ExtensionView.js
595 silly gunzTarPerm extractEntry front-end/ScriptSnippetModel.js
596 silly gunzTarPerm extractEntry front-end/ExtensionServer.js
597 silly gunzTarPerm extractEntry front-end/ScriptsNavigator.js
598 silly gunzTarPerm extractEntry front-end/ExtensionRegistryStub.js
599 silly gunzTarPerm extractEntry front-end/ScriptsPanel.js
600 silly gunzTarPerm extractEntry front-end/ExtensionPanel.js
601 silly gunzTarPerm extractEntry front-end/ScriptsPanelDescriptor.js
602 silly gunzTarPerm extractEntry front-end/ExtensionAuditCategory.js
603 silly gunzTarPerm extractEntry front-end/ScriptsSearchScope.js
604 silly gunzTarPerm extractEntry front-end/ExtensionAPI.js
605 silly gunzTarPerm extractEntry front-end/SearchController.js
606 silly gunzTarPerm extractEntry front-end/EventListenersSidebarPane.js
607 silly gunzTarPerm extractEntry front-end/Section.js
608 silly gunzTarPerm extractEntry front-end/EmptyView.js
609 silly gunzTarPerm extractEntry front-end/Settings.js
610 silly gunzTarPerm extractEntry front-end/ElementsTreeOutline.js
611 silly gunzTarPerm extractEntry front-end/SettingsScreen.js
612 silly gunzTarPerm extractEntry front-end/ElementsPanelDescriptor.js
613 silly gunzTarPerm extractEntry front-end/ShortcutsScreen.js
614 silly gunzTarPerm extractEntry front-end/ElementsPanel.js
615 silly gunzTarPerm extractEntry front-end/ShowMoreDataGridNode.js
616 silly gunzTarPerm extractEntry front-end/Drawer.js
617 silly gunzTarPerm extractEntry front-end/SidebarOverlay.js
618 silly gunzTarPerm extractEntry front-end/DockController.js
619 silly gunzTarPerm extractEntry front-end/SidebarPane.js
620 silly gunzTarPerm extractEntry front-end/DirectoryContentView.js
621 silly gunzTarPerm extractEntry front-end/SidebarTreeElement.js
622 silly gunzTarPerm extractEntry front-end/Dialog.js
623 silly gunzTarPerm extractEntry front-end/SidebarView.js
624 silly gunzTarPerm extractEntry front-end/DevToolsExtensionAPI.js
625 silly gunzTarPerm extractEntry front-end/SimpleWorkspaceProvider.js
626 silly gunzTarPerm extractEntry front-end/DefaultTextEditor.js
627 silly gunzTarPerm extractEntry front-end/SnippetStorage.js
628 silly gunzTarPerm extractEntry front-end/DefaultScriptMapping.js
629 silly gunzTarPerm extractEntry front-end/SoftContextMenu.js
630 silly gunzTarPerm extractEntry front-end/DebuggerScriptMapping.js
631 silly gunzTarPerm extractEntry front-end/SourceCSSTokenizer.js
632 silly gunzTarPerm extractEntry front-end/DebuggerModel.js
633 silly gunzTarPerm extractEntry front-end/inspector.js
634 silly gunzTarPerm extractEntry front-end/DatabaseTableView.js
635 silly gunzTarPerm extractEntry front-end/SourceFrame.js
636 silly gunzTarPerm extractEntry front-end/DatabaseQueryView.js
637 silly gunzTarPerm extractEntry front-end/SourceHTMLTokenizer.js
638 silly gunzTarPerm extractEntry front-end/Database.js
639 silly gunzTarPerm extractEntry front-end/externs.js
640 silly gunzTarPerm extractEntry front-end/DataGrid.js
641 silly gunzTarPerm extractEntry front-end/SourceJavaScriptTokenizer.js
642 silly gunzTarPerm extractEntry front-end/DOMSyntaxHighlighter.js
643 silly gunzTarPerm extractEntry front-end/buildSystemOnly.js
644 silly gunzTarPerm extractEntry front-end/DOMStorageItemsView.js
645 silly gunzTarPerm extractEntry front-end/SourceMap.js
646 silly gunzTarPerm extractEntry front-end/DOMStorage.js
647 silly gunzTarPerm extractEntry front-end/SourceMapping.js
648 silly gunzTarPerm extractEntry front-end/DOMPresentationUtils.js
649 silly gunzTarPerm extractEntry front-end/SourceTokenizer.js
650 silly gunzTarPerm extractEntry front-end/DOMExtension.js
651 silly gunzTarPerm extractEntry front-end/Spectrum.js
652 silly gunzTarPerm extractEntry front-end/DOMCountersGraph.js
653 silly gunzTarPerm extractEntry front-end/SplitView.js
654 silly gunzTarPerm extractEntry front-end/DOMBreakpointsSidebarPane.js
655 silly gunzTarPerm extractEntry front-end/StatusBarButton.js
656 silly gunzTarPerm extractEntry front-end/DOMAgent.js
657 silly gunzTarPerm extractEntry front-end/StyleSheetOutlineDialog.js
658 silly gunzTarPerm extractEntry front-end/CookiesTable.js
659 silly gunzTarPerm extractEntry front-end/StylesSidebarPane.js
660 silly gunzTarPerm extractEntry front-end/CookieParser.js
661 silly gunzTarPerm extractEntry front-end/StylesSourceMapping.js
662 silly gunzTarPerm extractEntry front-end/CookieItemsView.js
663 silly gunzTarPerm extractEntry front-end/SuggestBox.js
664 silly gunzTarPerm extractEntry front-end/ContextMenu.js
665 silly gunzTarPerm extractEntry front-end/TabbedEditorContainer.js
666 silly gunzTarPerm extractEntry front-end/ContentProviders.js
667 silly gunzTarPerm extractEntry front-end/TabbedPane.js
668 silly gunzTarPerm extractEntry front-end/ContentProviderBasedProjectDelegate.js
669 silly gunzTarPerm extractEntry front-end/TestController.js
670 silly gunzTarPerm extractEntry front-end/ContentProvider.js
671 silly gunzTarPerm extractEntry front-end/Tests.js
672 silly gunzTarPerm extractEntry front-end/ConsoleView.js
673 silly gunzTarPerm extractEntry front-end/TextEditor.js
674 silly gunzTarPerm extractEntry front-end/ConsolePanel.js
675 silly gunzTarPerm extractEntry front-end/TextEditorHighlighter.js
676 silly gunzTarPerm extractEntry front-end/ConsoleModel.js
677 silly gunzTarPerm extractEntry front-end/TextEditorModel.js
678 silly gunzTarPerm extractEntry front-end/ConsoleMessage.js
679 silly gunzTarPerm extractEntry front-end/TextPrompt.js
680 silly gunzTarPerm extractEntry front-end/CompilerScriptMapping.js
681 silly gunzTarPerm extractEntry front-end/TextUtils.js
682 silly gunzTarPerm extractEntry front-end/Color.js
683 silly gunzTarPerm extractEntry front-end/TimelineFrameController.js
684 silly gunzTarPerm extractEntry front-end/CodeMirrorTextEditor.js
685 silly gunzTarPerm extractEntry front-end/TimelineGrid.js
686 silly gunzTarPerm extractEntry front-end/Checkbox.js
687 silly gunzTarPerm extractEntry front-end/TimelineManager.js
688 silly gunzTarPerm extractEntry front-end/CanvasProfileView.js
689 silly gunzTarPerm extractEntry front-end/TimelineModel.js
690 silly gunzTarPerm extractEntry front-end/CallStackSidebarPane.js
691 silly gunzTarPerm extractEntry front-end/TimelineOverviewPane.js
692 silly gunzTarPerm extractEntry front-end/CSSStyleModel.js
693 silly gunzTarPerm extractEntry front-end/TimelinePanel.js
694 silly gunzTarPerm extractEntry front-end/CSSSelectorProfileView.js
695 silly gunzTarPerm extractEntry front-end/TimelinePanelDescriptor.js
696 silly gunzTarPerm extractEntry front-end/CSSNamedFlowView.js
697 silly gunzTarPerm extractEntry front-end/TimelinePresentationModel.js
698 silly gunzTarPerm extractEntry front-end/CSSNamedFlowCollectionsView.js
699 silly gunzTarPerm extractEntry front-end/Toolbar.js
700 silly gunzTarPerm extractEntry front-end/CSSMetadata.js
701 silly gunzTarPerm extractEntry front-end/TopDownProfileDataGridTree.js
702 silly gunzTarPerm extractEntry front-end/CPUProfileView.js
703 silly gunzTarPerm extractEntry front-end/UISourceCode.js
704 silly gunzTarPerm extractEntry front-end/BreakpointsSidebarPane.js
705 silly gunzTarPerm extractEntry front-end/UISourceCodeFrame.js
706 silly gunzTarPerm extractEntry front-end/BreakpointManager.js
707 silly gunzTarPerm extractEntry front-end/UIString.js
708 silly gunzTarPerm extractEntry front-end/BottomUpProfileDataGridTree.js
709 silly gunzTarPerm extractEntry front-end/UIUtils.js
710 silly gunzTarPerm extractEntry front-end/AuditsPanel.js
711 silly gunzTarPerm extractEntry front-end/Workspace.js
712 silly gunzTarPerm extractEntry front-end/AuditRules.js
713 silly gunzTarPerm extractEntry front-end/UserAgentSupport.js
714 silly gunzTarPerm extractEntry front-end/AuditResultView.js
715 silly gunzTarPerm extractEntry front-end/UserMetrics.js
716 silly gunzTarPerm extractEntry front-end/AuditLauncherView.js
717 silly gunzTarPerm extractEntry front-end/View.js
718 silly gunzTarPerm extractEntry front-end/AuditFormatters.js
719 silly gunzTarPerm extractEntry front-end/ViewportControl.js
720 silly gunzTarPerm extractEntry front-end/AuditController.js
721 silly gunzTarPerm extractEntry front-end/WatchExpressionsSidebarPane.js
722 silly gunzTarPerm extractEntry front-end/AuditCategories.js
723 silly gunzTarPerm extractEntry front-end/WorkerManager.js
724 silly gunzTarPerm extractEntry front-end/ApplicationCacheModel.js
725 silly gunzTarPerm extractEntry front-end/WorkersSidebarPane.js
726 silly gunzTarPerm extractEntry front-end/NetworkItemView.js
727 silly gunzTarPerm extractEntry front-end/utilities.js
728 silly gunzTarPerm extractEntry front-end/Progress.js
729 silly gunzTarPerm extractEntry front-end/UglifyJS/parse-js.js
730 silly gunzTarPerm extractEntry front-end/breadcrumbList.css
731 silly gunzTarPerm extractEntry front-end/breakpointsList.css
732 silly gunzTarPerm extractEntry front-end/SourceJavaScriptTokenizer.re2js
733 silly gunzTarPerm extractEntry front-end/canvasProfiler.css
734 silly gunzTarPerm extractEntry front-end/cm/LICENSE
735 silly gunzTarPerm extractEntry front-end/cm/matchbrackets.js
736 silly gunzTarPerm extractEntry front-end/cm/markselection.js
737 silly gunzTarPerm extractEntry front-end/cm/codemirror.js
738 silly gunzTarPerm extractEntry front-end/cm/closebrackets.js
739 silly gunzTarPerm extractEntry front-end/cm/htmlmixed.js
740 silly gunzTarPerm extractEntry front-end/cm/javascript.js
741 silly gunzTarPerm extractEntry front-end/cm/xml.js
742 silly gunzTarPerm extractEntry front-end/cm/css.js
743 silly gunzTarPerm extractEntry front-end/cm/codemirror.css
744 silly gunzTarPerm extractEntry front-end/cm/cmdevtools.css
745 silly gunzTarPerm extractEntry front-end/cssNamedFlows.css
746 silly gunzTarPerm extractEntry front-end/dataGrid.css
747 silly gunzTarPerm extractEntry front-end/dialog.css
748 silly gunzTarPerm extractEntry front-end/elementsPanel.css
749 silly gunzTarPerm extractEntry front-end/SourceHTMLTokenizer.re2js
750 silly gunzTarPerm extractEntry front-end/filteredItemSelectionDialog.css
751 silly gunzTarPerm extractEntry front-end/flameChart.css
752 silly gunzTarPerm extractEntry front-end/heapProfiler.css
753 silly gunzTarPerm extractEntry front-end/helpScreen.css
754 silly gunzTarPerm extractEntry front-end/indexedDBViews.css
755 silly gunzTarPerm extractEntry front-end/inspector.css
756 silly gunzTarPerm extractEntry front-end/inspector.html
757 silly gunzTarPerm extractEntry front-end/SourceCSSTokenizer.re2js
758 silly gunzTarPerm extractEntry front-end/inspectorCommon.css
759 silly gunzTarPerm extractEntry front-end/inspectorSyntaxHighlight.css
760 silly gunzTarPerm extractEntry front-end/auditsPanel.css
761 silly gunzTarPerm extractEntry front-end/nativeMemoryProfiler.css
762 silly gunzTarPerm extractEntry front-end/navigatorView.css
763 silly gunzTarPerm extractEntry front-end/networkLogView.css
764 silly gunzTarPerm extractEntry front-end/networkPanel.css
765 silly gunzTarPerm extractEntry front-end/panelEnablerView.css
766 silly gunzTarPerm extractEntry front-end/popover.css
767 silly gunzTarPerm extractEntry front-end/profilesPanel.css
768 silly gunzTarPerm extractEntry front-end/resourceView.css
769 silly gunzTarPerm extractEntry front-end/resourcesPanel.css
770 silly gunzTarPerm extractEntry front-end/revisionHistory.css
771 silly gunzTarPerm extractEntry front-end/scriptsPanel.css
772 silly gunzTarPerm extractEntry front-end/sidebarPane.css
773 silly gunzTarPerm extractEntry front-end/spectrum.css
774 silly gunzTarPerm extractEntry front-end/splitView.css
775 silly gunzTarPerm extractEntry front-end/tabbedPane.css
776 silly gunzTarPerm extractEntry front-end/test-runner.html
777 silly gunzTarPerm extractEntry front-end/textEditor.css
778 silly gunzTarPerm extractEntry front-end/textPrompt.css
779 silly gunzTarPerm extractEntry front-end/timelinePanel.css
780 silly gunzTarPerm extractEntry front-end/Images/resourcePlainIcon.png
781 silly gunzTarPerm extractEntry front-end/Images/addIcon.png
782 silly gunzTarPerm extractEntry front-end/Images/back.png
783 silly gunzTarPerm extractEntry front-end/Images/breakpoint2.png
784 silly gunzTarPerm extractEntry front-end/Images/breakpoint2_2x.png
785 silly gunzTarPerm extractEntry front-end/Images/breakpointBorder.png
786 silly gunzTarPerm extractEntry front-end/Images/breakpointConditional2.png
787 silly gunzTarPerm extractEntry front-end/Images/breakpointConditional2_2x.png
788 silly gunzTarPerm extractEntry front-end/Images/breakpointConditionalBorder.png
789 silly gunzTarPerm extractEntry front-end/Images/breakpointConditionalCounterBorder.png
790 silly gunzTarPerm extractEntry front-end/Images/breakpointCounterBorder.png
791 silly gunzTarPerm extractEntry front-end/Images/checker.png
792 silly gunzTarPerm extractEntry front-end/Images/cookie.png
793 silly gunzTarPerm extractEntry front-end/Images/database.png
794 silly gunzTarPerm extractEntry front-end/Images/databaseTable.png
795 silly gunzTarPerm extractEntry front-end/Images/deleteIcon.png
796 silly gunzTarPerm extractEntry front-end/Images/domain.png
797 silly gunzTarPerm extractEntry front-end/Images/fileSystem.png
798 silly gunzTarPerm extractEntry front-end/Images/forward.png
799 silly gunzTarPerm extractEntry front-end/Images/frame.png
800 silly gunzTarPerm extractEntry front-end/Images/glossyHeader.png
801 silly gunzTarPerm extractEntry front-end/Images/glossyHeaderPressed.png
802 silly gunzTarPerm extractEntry front-end/Images/glossyHeaderSelected.png
803 silly gunzTarPerm extractEntry front-end/Images/glossyHeaderSelectedPressed.png
804 silly gunzTarPerm extractEntry front-end/Images/graphLabelCalloutLeft.png
805 silly gunzTarPerm extractEntry front-end/Images/graphLabelCalloutRight.png
806 silly gunzTarPerm extractEntry front-end/Images/indexedDB.png
807 silly gunzTarPerm extractEntry front-end/Images/indexedDBIndex.png
808 silly gunzTarPerm extractEntry front-end/Images/indexedDBObjectStore.png
809 silly gunzTarPerm extractEntry front-end/Images/localStorage.png
810 silly gunzTarPerm extractEntry front-end/Images/namedFlowOverflow.png
811 silly gunzTarPerm extractEntry front-end/Images/paneAddButtons.png
812 silly gunzTarPerm extractEntry front-end/Images/paneElementStateButtons.png
813 silly gunzTarPerm extractEntry front-end/Images/paneFilterButtons.png
814 silly gunzTarPerm extractEntry front-end/Images/paneRefreshButtons.png
815 silly gunzTarPerm extractEntry front-end/Images/paneSettingsButtons.png
816 silly gunzTarPerm extractEntry front-end/Images/popoverArrows.png
817 silly gunzTarPerm extractEntry front-end/Images/popoverBackground.png
818 silly gunzTarPerm extractEntry front-end/Images/profileGroupIcon.png
819 silly gunzTarPerm extractEntry front-end/Images/profileIcon.png
820 silly gunzTarPerm extractEntry front-end/Images/profileSmallIcon.png
821 silly gunzTarPerm extractEntry front-end/Images/programCounterBorder.png
822 silly gunzTarPerm extractEntry front-end/Images/radioDot.png
823 silly gunzTarPerm extractEntry front-end/Images/regionEmpty.png
824 silly gunzTarPerm extractEntry front-end/Images/regionFit.png
825 silly gunzTarPerm extractEntry front-end/Images/regionOverset.png
826 silly gunzTarPerm extractEntry front-end/Images/resourceCSSIcon.png
827 silly gunzTarPerm extractEntry front-end/Images/resourceDocumentIcon.png
828 silly gunzTarPerm extractEntry front-end/Images/resourceDocumentIconSmall.png
829 silly gunzTarPerm extractEntry front-end/Images/resourceJSIcon.png
830 silly gunzTarPerm extractEntry front-end/Images/applicationCache.png
831 silly gunzTarPerm extractEntry front-end/Images/resourcePlainIconSmall.png
832 silly gunzTarPerm extractEntry front-end/Images/resourcesTimeGraphIcon.png
833 silly gunzTarPerm extractEntry front-end/Images/searchNext.png
834 silly gunzTarPerm extractEntry front-end/Images/searchPrev.png
835 silly gunzTarPerm extractEntry front-end/Images/searchSmallBlue.png
836 silly gunzTarPerm extractEntry front-end/Images/searchSmallBrightBlue.png
837 silly gunzTarPerm extractEntry front-end/Images/searchSmallGray.png
838 silly gunzTarPerm extractEntry front-end/Images/searchSmallWhite.png
839 silly gunzTarPerm extractEntry front-end/Images/segment.png
840 silly gunzTarPerm extractEntry front-end/Images/segmentEnd.png
841 silly gunzTarPerm extractEntry front-end/Images/segmentHover.png
842 silly gunzTarPerm extractEntry front-end/Images/segmentHoverEnd.png
843 silly gunzTarPerm extractEntry front-end/Images/segmentSelected.png
844 silly gunzTarPerm extractEntry front-end/Images/segmentSelectedEnd.png
845 silly gunzTarPerm extractEntry front-end/Images/sessionStorage.png
846 silly gunzTarPerm extractEntry front-end/Images/spinner.gif
847 silly gunzTarPerm extractEntry front-end/Images/spinnerActive.gif
848 silly gunzTarPerm extractEntry front-end/Images/spinnerActiveSelected.gif
849 silly gunzTarPerm extractEntry front-end/Images/spinnerInactive.gif
850 silly gunzTarPerm extractEntry front-end/Images/spinnerInactiveSelected.gif
851 silly gunzTarPerm extractEntry front-end/Images/src/breakpoints2.svg
852 silly gunzTarPerm extractEntry front-end/Images/src/statusbarButtonGlyphs.svg
853 silly gunzTarPerm extractEntry front-end/Images/statusbarButtonGlyphs.png
854 silly gunzTarPerm extractEntry front-end/Images/statusbarButtonGlyphs2x.png
855 silly gunzTarPerm extractEntry front-end/Images/statusbarResizerHorizontal.png
856 silly gunzTarPerm extractEntry front-end/Images/statusbarResizerVertical.png
857 silly gunzTarPerm extractEntry front-end/Images/thumbActiveHoriz.png
858 silly gunzTarPerm extractEntry front-end/Images/thumbActiveVert.png
859 silly gunzTarPerm extractEntry front-end/Images/thumbHoriz.png
860 silly gunzTarPerm extractEntry front-end/Images/thumbHoverHoriz.png
861 silly gunzTarPerm extractEntry front-end/Images/thumbHoverVert.png
862 silly gunzTarPerm extractEntry front-end/Images/thumbVert.png
863 silly gunzTarPerm extractEntry front-end/Images/timelineHollowPillBlue.png
864 silly gunzTarPerm extractEntry front-end/Images/timelineHollowPillGray.png
865 silly gunzTarPerm extractEntry front-end/Images/timelineHollowPillGreen.png
866 silly gunzTarPerm extractEntry front-end/Images/timelineHollowPillOrange.png
867 silly gunzTarPerm extractEntry front-end/Images/timelineHollowPillPurple.png
868 silly gunzTarPerm extractEntry front-end/Images/timelineHollowPillRed.png
869 silly gunzTarPerm extractEntry front-end/Images/timelineHollowPillYellow.png
870 silly gunzTarPerm extractEntry front-end/Images/timelinePillBlue.png
871 silly gunzTarPerm extractEntry front-end/Images/timelinePillGray.png
872 silly gunzTarPerm extractEntry front-end/Images/timelinePillGreen.png
873 silly gunzTarPerm extractEntry front-end/Images/timelinePillOrange.png
874 silly gunzTarPerm extractEntry front-end/Images/timelinePillPurple.png
875 silly gunzTarPerm extractEntry front-end/Images/timelinePillRed.png
876 silly gunzTarPerm extractEntry front-end/Images/timelinePillYellow.png
877 silly gunzTarPerm extractEntry front-end/Images/toolbarIcons.png
878 silly gunzTarPerm extractEntry front-end/Images/toolbarIconsSmall.png
879 silly gunzTarPerm extractEntry front-end/Images/toolbarItemSelected.png
880 silly gunzTarPerm extractEntry front-end/Images/trackHoriz.png
881 silly gunzTarPerm extractEntry front-end/Images/trackVert.png
882 silly gunzTarPerm extractEntry front-end/OWNERS
883 silly gunzTarPerm extractEntry front-end-node/Overrides.js
884 silly gunzTarPerm extractEntry ChangeLog
885 silly gunzTarPerm extractEntry lib/BreakEventHandler.js
886 silly gunzTarPerm extractEntry lib/FrontendClient.js
887 silly gunzTarPerm extractEntry lib/FrontendCommandHandler.js
888 silly gunzTarPerm extractEntry lib/PageAgent.js
889 silly gunzTarPerm extractEntry lib/DebuggerClient.js
890 silly gunzTarPerm extractEntry lib/ScriptFileStorage.js
891 silly gunzTarPerm extractEntry lib/ScriptManager.js
892 silly gunzTarPerm extractEntry lib/callback.js
893 silly gunzTarPerm extractEntry lib/convert.js
894 silly gunzTarPerm extractEntry lib/debug-server.js
895 silly gunzTarPerm extractEntry lib/DebuggerAgent.js
896 silly gunzTarPerm extractEntry lib/debugger.js
897 silly gunzTarPerm extractEntry lib/CallFramesProvider.js
898 silly gunzTarPerm extractEntry lib/session.js
899 silly gunzTarPerm extractEntry lib/RuntimeAgent.js
900 silly gunzTarPerm extractEntry .travis.yml
901 silly gunzTarPerm extractEntry readme.md
902 silly lockFile f0b2bb29-npm-node-inspector-0-3-4-package tar:///home/bistmaster/.npm/node-inspector/0.3.4/package
903 silly lockFile f0b2bb29-npm-node-inspector-0-3-4-package tar:///home/bistmaster/.npm/node-inspector/0.3.4/package
904 silly lockFile 032a188d-node-inspector-0-3-4-package-tgz tar:///home/bistmaster/.npm/node-inspector/0.3.4/package.tgz
905 silly lockFile 032a188d-node-inspector-0-3-4-package-tgz tar:///home/bistmaster/.npm/node-inspector/0.3.4/package.tgz
906 verbose chmod /home/bistmaster/.npm/node-inspector/0.3.4/package.tgz 644
907 verbose chown /home/bistmaster/.npm/node-inspector/0.3.4/package.tgz [ 1001, 1001 ]
908 silly lockFile c42ecfea-spector-node-inspector-0-3-4-tgz https://registry.npmjs.org/node-inspector/-/node-inspector-0.3.4.tgz
909 silly lockFile c42ecfea-spector-node-inspector-0-3-4-tgz https://registry.npmjs.org/node-inspector/-/node-inspector-0.3.4.tgz
910 silly lockFile 2365dee9-node-inspector-0-3-4 node-inspector@0.3.4
911 silly lockFile 2365dee9-node-inspector-0-3-4 node-inspector@0.3.4
912 silly lockFile e68b88da-node-inspector node-inspector@
913 silly lockFile e68b88da-node-inspector node-inspector@
914 silly resolved [ { name: 'node-inspector',
914 silly resolved     version: '0.3.4',
914 silly resolved     description: 'Web Inspector based nodeJS debugger',
914 silly resolved     homepage: 'http://github.com/node-inspector/node-inspector',
914 silly resolved     author: { name: 'Danny Coates', email: 'dannycoates@gmail.com' },
914 silly resolved     keywords: [ 'debug', 'debugger', 'inspector', 'profiler' ],
914 silly resolved     repository:
914 silly resolved      { type: 'git',
914 silly resolved        url: 'http://github.com/node-inspector/node-inspector.git' },
914 silly resolved     engines: { node: '>=0.8.0' },
914 silly resolved     bin: { 'node-inspector': './bin/inspector.js' },
914 silly resolved     dependencies:
914 silly resolved      { 'socket.io': '~0.9.14',
914 silly resolved        express: '~3.3',
914 silly resolved        async: '~0.2.8',
914 silly resolved        glob: '~3.2.1' },
914 silly resolved     devDependencies: { mocha: 'latest', chai: 'latest' },
914 silly resolved     preferGlobal: true,
914 silly resolved     scripts: { test: 'mocha', lint: './tools/gjslint.sh' },
914 silly resolved     contributors:
914 silly resolved      [ [Object],
914 silly resolved        [Object],
914 silly resolved        [Object],
914 silly resolved        [Object],
914 silly resolved        [Object],
914 silly resolved        [Object],
914 silly resolved        [Object],
914 silly resolved        [Object],
914 silly resolved        [Object],
914 silly resolved        [Object],
914 silly resolved        [Object],
914 silly resolved        [Object] ],
914 silly resolved     readme: '# Node Inspector\n\n[![Build Status](https://travis-ci.org/node-inspector/node-inspector.png?branch=master)](https://travis-ci.org/node-inspector/node-inspector)\n[![Dependency Status](https://gemnasium.com/node-inspector/node-inspector.png)](https://gemnasium.com/node-inspector/node-inspector)\n[![NPM version](https://badge.fury.io/js/node-inspector.png)](http://badge.fury.io/js/node-inspector)\n\n\n## Overview\nNode Inspector is a debugger interface for node.js using the\nBlink Developer Tools (former WebKit Web Inspector).\n\n## Features\n\nThe Blink DevTools debugger is a great javascript debugger interface;\nit works just as well for node. Node Inspector supports almost all\nof the debugging features of DevTools.\n\n* Navigate in your source files\n* Set breakpoints (and specify trigger conditions)\n* Break on exceptions\n* Step over, step in, step out, resume (continue)\n* Continue to location\n* Disable/enable all breakpoints\n* Inspect scopes, variables, object properties\n* Hover your mouse over an expression in your source to display its value in\n  a tooltip\n* Edit variables and object properties\n* (etc.)\n\n### Cool stuff\n* Node Inspector uses WebSockets, so no polling for breaks.\n* Remote debugging\n* [Live edit of running code](http://github.com/dannycoates/node-inspector/wiki/LiveEdit),\n  optionally persisting changes back to the file-system.\n* Set breakpoints in files that are not loaded into V8 yet - useful for\n  debugging module loading/initialization.\n* Javascript from top to bottom :)\n\n## Known Issues\n\nThis is beta-quality code, so use at your own risk.\n\n* Be careful about viewing the contents of Buffer objects,\n  each byte is displayed as an individual array element;\n  for most Buffers this will take too long to render.\n* While not stopped at a breakpoint the console doesn\'t always\n  behave as you might expect. See issue #146.\n* Profiler is not implemented yet. Have a look at\n  [node-webkit-agent](https://github.com/c4milo/node-webkit-agent)\n  in the meantime.\n* Break on uncaught exceptions does not work because of missing\n  [support in node](https://github.com/joyent/node/pull/5713).\n* Debugging multiple processes (e.g. cluster) is cumbersome.\n\n# Getting Started\n\n## Requirements\n\n* [node.js](http://github.com/ry/node)\n  - version 0.8 or later\n* [npm](http://github.com/isaacs/npm)\n* A Blink-based browser (i.e. Google Chrome)\n\n## Install\n\n* With [npm](http://github.com/isaacs/npm)\n\n        $ npm install -g node-inspector\n\n## Enable debug mode\n\nTo use node-inspector, enable debugging on the node you wish to debug.\nYou can either start node with a debug flag like:\n\n    $ node --debug your/node/program.js\n\nor, to pause your script on the first line:\n\n    $ node --debug-brk your/short/node/script.js\n\nOr you can enable debugging on a node that is already running by sending\nit a signal:\n\n1. Get the PID of the node process using your favorite method.\n`pgrep` or `ps -ef` are good\n\n\t\t$ pgrep -l node\n\t\t2345 node your/node/server.js\n\n2. Send it the USR1 signal\n\n\t\t$ kill -s USR1 2345\n\nGreat! Now you are ready to attach node-inspector\n\n## Debugging\n\n1. start the inspector. I usually put it in the background\n\n\t\t$ node-inspector &\n\n2. open http://127.0.0.1:8080/debug?port=5858 in Chrome\n\n3. you should now see the javascript source from node. If you don\'t, click the scripts tab.\n\n4. select a script and set some breakpoints (far left line numbers)\n\n5. then watch the [screencasts](http://www.youtube.com/view_play_list?p=A5216AC29A41EFA8)\n\nFor more information on getting started see the [wiki](http://github.com/dannycoates/node-inspector/wiki/Getting-Started---from-scratch)\n\nnode-inspector works almost exactly like the web inspector in\nChrome. Here\'s a good [overview](http://code.google.com/chrome/devtools/docs/scripts.html) of the UI\n\n## Inspector options\n\n    --web-port=[port]     port to host the inspector (default 8080)\n    --web-host=[host]     host to listen on (default 0.0.0.0)\n\n# FAQ / WTF\n\n1. My script runs too fast to attach the debugger.\n\n  > use `--debug-brk` to pause the script on the first line\n\n2. I got the ui in a weird state.\n\n  > when in doubt, refresh\n\n3. Can I debug remotely?\n\n  > Yes. node-inspector must be running on the same machine,\n  > but your browser can be anywhere.\n  > Just make sure port 8080 is accessible\n\n# Contributing Code\n\nMaking Node Inspector the best debugger for node.js cannot be achieved without\nthe help of the community. The following resources should help you to get\nstarted.\n\n* [Contributing](https://github.com/node-inspector/node-inspector/wiki/Contributing)\n* [Developer\'s Guide](https://github.com/node-inspector/node-inspector/wiki/Developer%27s-Guide)\n* [Easy Picks](https://github.com/node-inspector/node-inspector/issues?direction=asc&labels=Easy+Pick&page=1&sort=updated&state=open)\n\n# Thanks\n\n[Danny Coates](https://github.com/dannycoates) for starting the project\nand maintaining it for several years.\n\n[StrongLoop](http://strongloop.com) for upgrading to the Blink front-end\nand maintaining the project onwards.\n\nAnd of course all developers that contributed patches and features, as listed\nin the [AUTHORS](AUTHORS) file.\n',
914 silly resolved     readmeFilename: 'readme.md',
914 silly resolved     bugs: { url: 'https://github.com/node-inspector/node-inspector/issues' },
914 silly resolved     _id: 'node-inspector@0.3.4',
914 silly resolved     dist: { shasum: '1f488a9b40ef3bdc5cd14b8432a38341fe0a2088' },
914 silly resolved     _from: 'node-inspector@',
914 silly resolved     _resolved: 'https://registry.npmjs.org/node-inspector/-/node-inspector-0.3.4.tgz' } ]
915 info install node-inspector@0.3.4 into /usr/local/lib
916 info installOne node-inspector@0.3.4
917 info /usr/local/lib/node_modules/node-inspector unbuild
918 info preuninstall node-inspector@0.3.3
919 info uninstall node-inspector@0.3.3
920 verbose true,/usr/local/lib/node_modules,/usr/local/lib/node_modules unbuild node-inspector@0.3.3
921 verbose /usr/local/bin,[object Object] binRoot
922 info /usr/local/lib/node_modules/node-inspector unbuild
923 info preuninstall node-inspector@0.3.3
924 info uninstall node-inspector@0.3.3
925 verbose true,/usr/local/lib/node_modules,/usr/local/lib/node_modules unbuild node-inspector@0.3.3
926 verbose /usr/local/bin,[object Object] binRoot
927 error error rolling back Error: EACCES, unlink '/usr/local/bin/node-inspector'
927 error error rolling back  node-inspector@0.3.4 { [Error: EACCES, unlink '/usr/local/bin/node-inspector']
927 error error rolling back   stack: 'Error: EACCES, unlink \'/usr/local/bin/node-inspector\'',
927 error error rolling back   errno: -13,
927 error error rolling back   code: 'EACCES',
927 error error rolling back   path: '/usr/local/bin/node-inspector' }
928 error Error: EACCES, unlink '/usr/local/bin/node-inspector'
928 error  { [Error: EACCES, unlink '/usr/local/bin/node-inspector']
928 error   stack: 'Error: EACCES, unlink \'/usr/local/bin/node-inspector\'',
928 error   errno: -13,
928 error   code: 'EACCES',
928 error   path: '/usr/local/bin/node-inspector' }
929 error Please try running this command again as root/Administrator.
930 error System Linux 3.8.0-19-generic
931 error command "/usr/local/bin/node" "/usr/local/bin/npm" "install" "-g" "node-inspector"
932 error cwd /home/bistmaster/dev/trivia
933 error node -v v0.11.6-pre
934 error npm -v 1.3.6
935 error path /usr/local/bin/node-inspector
936 error code EACCES
937 error errno -13
938 error stack Error: EACCES, unlink '/usr/local/bin/node-inspector'
939 verbose exit [ -13, true ]
